{"name":"navigateToContactPage","id":"PrimerTest:navigateToContactPage","testCaseName":"PrimerTest","testSteps":[{"number":1,"description":"Carlos opens the http://automationpractice.com/index.php?controller\u003dcontact","duration":13836,"startTime":"2020-10-02T12:28:13.956-05:00[America/Bogota]","screenshots":[{"screenshot":"58b60259fe47d646b4657cc64c7237e1f182698a5553fafa26a3272538f57b27.png","timeStamp":1601659707791}],"result":"SUCCESS","precondition":false,"level":0},{"number":2,"description":"Carlos enters \u0027robertsr1994@hotmail.com\u0027 into Email address","duration":1558,"startTime":"2020-10-02T12:28:27.806-05:00[America/Bogota]","screenshots":[{"screenshot":"10429745b2cffb6042fd4183776b35f5aa90cb62ed95230ca69f4421ec7c6939.png","timeStamp":1601659709363}],"result":"SUCCESS","precondition":false,"level":0},{"number":3,"description":"Carlos enters \u0027Hola Mundo\u0027 into Message","duration":1190,"startTime":"2020-10-02T12:28:29.368-05:00[America/Bogota]","screenshots":[{"screenshot":"27d6d2bfcf6dc19a2dd4ccc2c5a187f0529d30ed85e8256e865a77668581bf2b.png","timeStamp":1601659710557}],"result":"SUCCESS","precondition":false,"level":0},{"number":4,"description":"Carlos enters \u00271235462\u0027 into Order reference","duration":1314,"startTime":"2020-10-02T12:28:30.561-05:00[America/Bogota]","screenshots":[{"screenshot":"931f228b6d92ada6b8bbbdb714b58ffddfcc03ca43e8bdd4f0dc7a6beae480ef.png","timeStamp":1601659711874}],"result":"SUCCESS","precondition":false,"level":0},{"number":5,"description":"Carlos select Customer service on Subject Heading","duration":7180,"startTime":"2020-10-02T12:28:31.877-05:00[America/Bogota]","screenshots":[{"screenshot":"b2bcd45493fed2c7eb1132907fa05f5789622744f9ec861acf073aa579c70fcd.png","htmlSource":"pagesource3942138689659522784.html.txt","timeStamp":1601659719044}],"exception":{"errorType":"net.thucydides.core.webdriver.exceptions.ElementShouldBeEnabledException","message":"Expected enabled element was not enabled","stackTrace":[{"declaringClass":"PrimerTest","methodName":"navigateToContactPage","fileName":"PrimerTest.kt","lineNumber":44}],"rootCause":{"errorType":"org.openqa.selenium.TimeoutException","message":"Expected condition failed: waiting for By.cssSelector: id_contact to be enabled (tried for 5 second(s) with 100 milliseconds interval)","stackTrace":[{"declaringClass":"PrimerTest","methodName":"navigateToContactPage","fileName":"PrimerTest.kt","lineNumber":44}],"rootCause":{"errorType":"org.openqa.selenium.NoSuchElementException","message":"no such element: Unable to locate element: {\"method\":\"css selector\",\"selector\":\"id_contact\"}\n  (Session info: chrome\u003d85.0.4183.121)\nFor documentation on this error, please visit: https://www.seleniumhq.org/exceptions/no_such_element.html\nBuild info: version: \u00273.141.59\u0027, revision: \u0027e82be7d358\u0027, time: \u00272018-11-14T08:17:03\u0027\nSystem info: host: \u0027SQABOG-TGP3695\u0027, ip: \u002710.212.134.124\u0027, os.name: \u0027Windows 10\u0027, os.arch: \u0027amd64\u0027, os.version: \u002710.0\u0027, java.version: \u00271.8.0_261\u0027\nDriver info: org.openqa.selenium.chrome.ChromeDriver\nCapabilities {acceptInsecureCerts: false, browserName: chrome, browserVersion: 85.0.4183.121, chrome: {chromedriverVersion: 85.0.4183.87 (cd6713ebf92fa..., userDataDir: C:\\Users\\SQA\\AppData\\Local\\...}, goog:chromeOptions: {debuggerAddress: localhost:60367}, javascriptEnabled: true, networkConnectionEnabled: false, pageLoadStrategy: normal, platform: WINDOWS, platformName: WINDOWS, proxy: Proxy(), setWindowRect: true, strictFileInteractability: false, timeouts: {implicit: 0, pageLoad: 300000, script: 30000}, unhandledPromptBehavior: dismiss and notify, webauthn:virtualAuthenticators: true}\nSession ID: b76c41b1f13f4057b2bd4c6de0d853dd\n*** Element info: {Using\u003dcss selector, value\u003did_contact}","stackTrace":[{"declaringClass":"PrimerTest","methodName":"navigateToContactPage","fileName":"PrimerTest.kt","lineNumber":44}]}}},"result":"FAILURE","precondition":false,"level":0},{"number":6,"description":"Carlos clicks on #name","duration":1,"startTime":"2020-10-02T12:28:39.080-05:00[America/Bogota]","result":"SKIPPED","precondition":false,"level":0}],"userStory":{"id":"PrimerTest","storyName":"Primer test","storyClassName":"PrimerTest","path":"","type":"story"},"featureTag":{"name":"Primer test","type":"story","displayName":"Primer test"},"title":"Navigate to contact page","tags":[{"name":"Primer test","type":"story","displayName":"Primer test"}],"startTime":"2020-10-02T12:28:13.035-05:00[America/Bogota]","duration":26064,"testFailureCause":{"errorType":"net.thucydides.core.webdriver.exceptions.ElementShouldBeEnabledException","message":"Expected enabled element was not enabled\nBuild info: version: \u00273.141.59\u0027, revision: \u0027e82be7d358\u0027, time: \u00272018-11-14T08:17:03\u0027\nSystem info: host: \u0027SQABOG-TGP3695\u0027, ip: \u002710.212.134.124\u0027, os.name: \u0027Windows 10\u0027, os.arch: \u0027amd64\u0027, os.version: \u002710.0\u0027, java.version: \u00271.8.0_261\u0027\nDriver info: driver.version: unknown","stackTrace":[{"declaringClass":"PrimerTest","methodName":"navigateToContactPage","fileName":"PrimerTest.kt","lineNumber":44}]},"testFailureClassname":"net.thucydides.core.webdriver.exceptions.ElementShouldBeEnabledException","testFailureMessage":"Expected enabled element was not enabled\nBuild info: version: \u00273.141.59\u0027, revision: \u0027e82be7d358\u0027, time: \u00272018-11-14T08:17:03\u0027\nSystem info: host: \u0027SQABOG-TGP3695\u0027, ip: \u002710.212.134.124\u0027, os.name: \u0027Windows 10\u0027, os.arch: \u0027amd64\u0027, os.version: \u002710.0\u0027, java.version: \u00271.8.0_261\u0027\nDriver info: driver.version: unknown","testFailureSummary":"FAILURE;net.thucydides.core.webdriver.exceptions.ElementShouldBeEnabledException;Expected enabled element was not enabled\nBuild info: version: \u00273.141.59\u0027, revision: \u0027e82be7d358\u0027, time: \u00272018-11-14T08:17:03\u0027\nSystem info: host: \u0027SQABOG-TGP3695\u0027, ip: \u002710.212.134.124\u0027, os.name: \u0027Windows 10\u0027, os.arch: \u0027amd64\u0027, os.version: \u002710.0\u0027, java.version: \u00271.8.0_261\u0027\nDriver info: driver.version: unknown;PrimerTest.kt","projectKey":"","annotatedResult":"FAILURE","sessionId":"b76c41b1f13f4057b2bd4c6de0d853dd","driver":"chrome","isManualTestingUpToDate":false,"manual":false,"testSource":"JUnit","actors":[{"name":"Carlos","can":["browse the web"]}],"order":0,"result":"FAILURE"}